[2021-04-14 13:47:55] local.ERROR: SQLSTATE[HY000] [2002] Connection refused (SQL: select * from information_schema.tables where table_schema = krato and table_name = migrations and table_type = 'BASE TABLE') {"exception":"[object] (Illuminate\\Database\\QueryException(code: 2002): SQLSTATE[HY000] [2002] Connection refused (SQL: select * from information_schema.tables where table_schema = krato and table_name = migrations and table_type = 'BASE TABLE') at /home/satria1697/Documents/workspace/project/kato-backend/vendor/laravel/framework/src/Illuminate/Database/Connection.php:678)
[stacktrace]
#0 /home/satria1697/Documents/workspace/project/kato-backend/vendor/laravel/framework/src/Illuminate/Database/Connection.php(752): Illuminate\\Database\\Connection->runQueryCallback()
#1 /home/satria1697/Documents/workspace/project/kato-backend/vendor/laravel/framework/src/Illuminate/Database/Connection.php(732): Illuminate\\Database\\Connection->tryAgainIfCausedByLostConnection()
#2 /home/satria1697/Documents/workspace/project/kato-backend/vendor/laravel/framework/src/Illuminate/Database/Connection.php(641): Illuminate\\Database\\Connection->handleQueryException()
#3 /home/satria1697/Documents/workspace/project/kato-backend/vendor/laravel/framework/src/Illuminate/Database/Connection.php(346): Illuminate\\Database\\Connection->run()
#4 /home/satria1697/Documents/workspace/project/kato-backend/vendor/laravel/framework/src/Illuminate/Database/Schema/MySqlBuilder.php(44): Illuminate\\Database\\Connection->select()
#5 /home/satria1697/Documents/workspace/project/kato-backend/vendor/laravel/framework/src/Illuminate/Database/Migrations/DatabaseMigrationRepository.php(169): Illuminate\\Database\\Schema\\MySqlBuilder->hasTable()
#6 /home/satria1697/Documents/workspace/project/kato-backend/vendor/laravel/framework/src/Illuminate/Database/Migrations/Migrator.php(608): Illuminate\\Database\\Migrations\\DatabaseMigrationRepository->repositoryExists()
#7 /home/satria1697/Documents/workspace/project/kato-backend/vendor/laravel/framework/src/Illuminate/Database/Console/Migrations/MigrateCommand.php(106): Illuminate\\Database\\Migrations\\Migrator->repositoryExists()
#8 /home/satria1697/Documents/workspace/project/kato-backend/vendor/laravel/framework/src/Illuminate/Database/Console/Migrations/MigrateCommand.php(77): Illuminate\\Database\\Console\\Migrations\\MigrateCommand->prepareDatabase()
#9 /home/satria1697/Documents/workspace/project/kato-backend/vendor/laravel/framework/src/Illuminate/Database/Migrations/Migrator.php(541): Illuminate\\Database\\Console\\Migrations\\MigrateCommand->Illuminate\\Database\\Console\\Migrations\\{closure}()
#10 /home/satria1697/Documents/workspace/project/kato-backend/vendor/laravel/framework/src/Illuminate/Database/Console/Migrations/MigrateCommand.php(94): Illuminate\\Database\\Migrations\\Migrator->usingConnection()
#11 /home/satria1697/Documents/workspace/project/kato-backend/vendor/laravel/framework/src/Illuminate/Container/BoundMethod.php(36): Illuminate\\Database\\Console\\Migrations\\MigrateCommand->handle()
#12 /home/satria1697/Documents/workspace/project/kato-backend/vendor/laravel/framework/src/Illuminate/Container/Util.php(40): Illuminate\\Container\\BoundMethod::Illuminate\\Container\\{closure}()
#13 /home/satria1697/Documents/workspace/project/kato-backend/vendor/laravel/framework/src/Illuminate/Container/BoundMethod.php(93): Illuminate\\Container\\Util::unwrapIfClosure()
#14 /home/satria1697/Documents/workspace/project/kato-backend/vendor/laravel/framework/src/Illuminate/Container/BoundMethod.php(37): Illuminate\\Container\\BoundMethod::callBoundMethod()
#15 /home/satria1697/Documents/workspace/project/kato-backend/vendor/laravel/framework/src/Illuminate/Container/Container.php(610): Illuminate\\Container\\BoundMethod::call()
#16 /home/satria1697/Documents/workspace/project/kato-backend/vendor/laravel/framework/src/Illuminate/Console/Command.php(136): Illuminate\\Container\\Container->call()
#17 /home/satria1697/Documents/workspace/project/kato-backend/vendor/symfony/console/Command/Command.php(256): Illuminate\\Console\\Command->execute()
#18 /home/satria1697/Documents/workspace/project/kato-backend/vendor/laravel/framework/src/Illuminate/Console/Command.php(121): Symfony\\Component\\Console\\Command\\Command->run()
#19 /home/satria1697/Documents/workspace/project/kato-backend/vendor/symfony/console/Application.php(971): Illuminate\\Console\\Command->run()
#20 /home/satria1697/Documents/workspace/project/kato-backend/vendor/symfony/console/Application.php(290): Symfony\\Component\\Console\\Application->doRunCommand()
#21 /home/satria1697/Documents/workspace/project/kato-backend/vendor/symfony/console/Application.php(166): Symfony\\Component\\Console\\Application->doRun()
#22 /home/satria1697/Documents/workspace/project/kato-backend/vendor/laravel/framework/src/Illuminate/Console/Application.php(92): Symfony\\Component\\Console\\Application->run()
#23 /home/satria1697/Documents/workspace/project/kato-backend/vendor/laravel/framework/src/Illuminate/Foundation/Console/Kernel.php(129): Illuminate\\Console\\Application->run()
#24 /home/satria1697/Documents/workspace/project/kato-backend/artisan(37): Illuminate\\Foundation\\Console\\Kernel->handle()
#25 {main}

[previous exception] [object] (PDOException(code: 2002): SQLSTATE[HY000] [2002] Connection refused at /home/satria1697/Documents/workspace/project/kato-backend/vendor/laravel/framework/src/Illuminate/Database/Connectors/Connector.php:70)
[stacktrace]
#0 /home/satria1697/Documents/workspace/project/kato-backend/vendor/laravel/framework/src/Illuminate/Database/Connectors/Connector.php(70): PDO->__construct()
#1 /home/satria1697/Documents/workspace/project/kato-backend/vendor/laravel/framework/src/Illuminate/Database/Connectors/Connector.php(100): Illuminate\\Database\\Connectors\\Connector->createPdoConnection()
#2 /home/satria1697/Documents/workspace/project/kato-backend/vendor/laravel/framework/src/Illuminate/Database/Connectors/Connector.php(50): Illuminate\\Database\\Connectors\\Connector->tryAgainIfCausedByLostConnection()
#3 /home/satria1697/Documents/workspace/project/kato-backend/vendor/laravel/framework/src/Illuminate/Database/Connectors/MySqlConnector.php(24): Illuminate\\Database\\Connectors\\Connector->createConnection()
#4 /home/satria1697/Documents/workspace/project/kato-backend/vendor/laravel/framework/src/Illuminate/Database/Connectors/ConnectionFactory.php(184): Illuminate\\Database\\Connectors\\MySqlConnector->connect()
#5 [internal function]: Illuminate\\Database\\Connectors\\ConnectionFactory->Illuminate\\Database\\Connectors\\{closure}()
#6 /home/satria1697/Documents/workspace/project/kato-backend/vendor/laravel/framework/src/Illuminate/Database/Connection.php(939): call_user_func()
#7 /home/satria1697/Documents/workspace/project/kato-backend/vendor/laravel/framework/src/Illuminate/Database/Connection.php(974): Illuminate\\Database\\Connection->getPdo()
#8 /home/satria1697/Documents/workspace/project/kato-backend/vendor/laravel/framework/src/Illuminate/Database/Connection.php(412): Illuminate\\Database\\Connection->getReadPdo()
#9 /home/satria1697/Documents/workspace/project/kato-backend/vendor/laravel/framework/src/Illuminate/Database/Connection.php(338): Illuminate\\Database\\Connection->getPdoForSelect()
#10 /home/satria1697/Documents/workspace/project/kato-backend/vendor/laravel/framework/src/Illuminate/Database/Connection.php(671): Illuminate\\Database\\Connection->Illuminate\\Database\\{closure}()
#11 /home/satria1697/Documents/workspace/project/kato-backend/vendor/laravel/framework/src/Illuminate/Database/Connection.php(752): Illuminate\\Database\\Connection->runQueryCallback()
#12 /home/satria1697/Documents/workspace/project/kato-backend/vendor/laravel/framework/src/Illuminate/Database/Connection.php(732): Illuminate\\Database\\Connection->tryAgainIfCausedByLostConnection()
#13 /home/satria1697/Documents/workspace/project/kato-backend/vendor/laravel/framework/src/Illuminate/Database/Connection.php(641): Illuminate\\Database\\Connection->handleQueryException()
#14 /home/satria1697/Documents/workspace/project/kato-backend/vendor/laravel/framework/src/Illuminate/Database/Connection.php(346): Illuminate\\Database\\Connection->run()
#15 /home/satria1697/Documents/workspace/project/kato-backend/vendor/laravel/framework/src/Illuminate/Database/Schema/MySqlBuilder.php(44): Illuminate\\Database\\Connection->select()
#16 /home/satria1697/Documents/workspace/project/kato-backend/vendor/laravel/framework/src/Illuminate/Database/Migrations/DatabaseMigrationRepository.php(169): Illuminate\\Database\\Schema\\MySqlBuilder->hasTable()
#17 /home/satria1697/Documents/workspace/project/kato-backend/vendor/laravel/framework/src/Illuminate/Database/Migrations/Migrator.php(608): Illuminate\\Database\\Migrations\\DatabaseMigrationRepository->repositoryExists()
#18 /home/satria1697/Documents/workspace/project/kato-backend/vendor/laravel/framework/src/Illuminate/Database/Console/Migrations/MigrateCommand.php(106): Illuminate\\Database\\Migrations\\Migrator->repositoryExists()
#19 /home/satria1697/Documents/workspace/project/kato-backend/vendor/laravel/framework/src/Illuminate/Database/Console/Migrations/MigrateCommand.php(77): Illuminate\\Database\\Console\\Migrations\\MigrateCommand->prepareDatabase()
#20 /home/satria1697/Documents/workspace/project/kato-backend/vendor/laravel/framework/src/Illuminate/Database/Migrations/Migrator.php(541): Illuminate\\Database\\Console\\Migrations\\MigrateCommand->Illuminate\\Database\\Console\\Migrations\\{closure}()
#21 /home/satria1697/Documents/workspace/project/kato-backend/vendor/laravel/framework/src/Illuminate/Database/Console/Migrations/MigrateCommand.php(94): Illuminate\\Database\\Migrations\\Migrator->usingConnection()
#22 /home/satria1697/Documents/workspace/project/kato-backend/vendor/laravel/framework/src/Illuminate/Container/BoundMethod.php(36): Illuminate\\Database\\Console\\Migrations\\MigrateCommand->handle()
#23 /home/satria1697/Documents/workspace/project/kato-backend/vendor/laravel/framework/src/Illuminate/Container/Util.php(40): Illuminate\\Container\\BoundMethod::Illuminate\\Container\\{closure}()
#24 /home/satria1697/Documents/workspace/project/kato-backend/vendor/laravel/framework/src/Illuminate/Container/BoundMethod.php(93): Illuminate\\Container\\Util::unwrapIfClosure()
#25 /home/satria1697/Documents/workspace/project/kato-backend/vendor/laravel/framework/src/Illuminate/Container/BoundMethod.php(37): Illuminate\\Container\\BoundMethod::callBoundMethod()
#26 /home/satria1697/Documents/workspace/project/kato-backend/vendor/laravel/framework/src/Illuminate/Container/Container.php(610): Illuminate\\Container\\BoundMethod::call()
#27 /home/satria1697/Documents/workspace/project/kato-backend/vendor/laravel/framework/src/Illuminate/Console/Command.php(136): Illuminate\\Container\\Container->call()
#28 /home/satria1697/Documents/workspace/project/kato-backend/vendor/symfony/console/Command/Command.php(256): Illuminate\\Console\\Command->execute()
#29 /home/satria1697/Documents/workspace/project/kato-backend/vendor/laravel/framework/src/Illuminate/Console/Command.php(121): Symfony\\Component\\Console\\Command\\Command->run()
#30 /home/satria1697/Documents/workspace/project/kato-backend/vendor/symfony/console/Application.php(971): Illuminate\\Console\\Command->run()
#31 /home/satria1697/Documents/workspace/project/kato-backend/vendor/symfony/console/Application.php(290): Symfony\\Component\\Console\\Application->doRunCommand()
#32 /home/satria1697/Documents/workspace/project/kato-backend/vendor/symfony/console/Application.php(166): Symfony\\Component\\Console\\Application->doRun()
#33 /home/satria1697/Documents/workspace/project/kato-backend/vendor/laravel/framework/src/Illuminate/Console/Application.php(92): Symfony\\Component\\Console\\Application->run()
#34 /home/satria1697/Documents/workspace/project/kato-backend/vendor/laravel/framework/src/Illuminate/Foundation/Console/Kernel.php(129): Illuminate\\Console\\Application->run()
#35 /home/satria1697/Documents/workspace/project/kato-backend/artisan(37): Illuminate\\Foundation\\Console\\Kernel->handle()
#36 {main}
"} 
[2021-04-14 13:51:42] local.ERROR: SQLSTATE[HY000] [1698] Access denied for user 'root'@'localhost' (SQL: select * from information_schema.tables where table_schema = krato and table_name = migrations and table_type = 'BASE TABLE') {"exception":"[object] (Illuminate\\Database\\QueryException(code: 1698): SQLSTATE[HY000] [1698] Access denied for user 'root'@'localhost' (SQL: select * from information_schema.tables where table_schema = krato and table_name = migrations and table_type = 'BASE TABLE') at /home/satria1697/Documents/workspace/project/kato-backend/vendor/laravel/framework/src/Illuminate/Database/Connection.php:678)
[stacktrace]
#0 /home/satria1697/Documents/workspace/project/kato-backend/vendor/laravel/framework/src/Illuminate/Database/Connection.php(638): Illuminate\\Database\\Connection->runQueryCallback()
#1 /home/satria1697/Documents/workspace/project/kato-backend/vendor/laravel/framework/src/Illuminate/Database/Connection.php(346): Illuminate\\Database\\Connection->run()
#2 /home/satria1697/Documents/workspace/project/kato-backend/vendor/laravel/framework/src/Illuminate/Database/Schema/MySqlBuilder.php(44): Illuminate\\Database\\Connection->select()
#3 /home/satria1697/Documents/workspace/project/kato-backend/vendor/laravel/framework/src/Illuminate/Database/Migrations/DatabaseMigrationRepository.php(169): Illuminate\\Database\\Schema\\MySqlBuilder->hasTable()
#4 /home/satria1697/Documents/workspace/project/kato-backend/vendor/laravel/framework/src/Illuminate/Database/Migrations/Migrator.php(608): Illuminate\\Database\\Migrations\\DatabaseMigrationRepository->repositoryExists()
#5 /home/satria1697/Documents/workspace/project/kato-backend/vendor/laravel/framework/src/Illuminate/Database/Console/Migrations/MigrateCommand.php(106): Illuminate\\Database\\Migrations\\Migrator->repositoryExists()
#6 /home/satria1697/Documents/workspace/project/kato-backend/vendor/laravel/framework/src/Illuminate/Database/Console/Migrations/MigrateCommand.php(77): Illuminate\\Database\\Console\\Migrations\\MigrateCommand->prepareDatabase()
#7 /home/satria1697/Documents/workspace/project/kato-backend/vendor/laravel/framework/src/Illuminate/Database/Migrations/Migrator.php(541): Illuminate\\Database\\Console\\Migrations\\MigrateCommand->Illuminate\\Database\\Console\\Migrations\\{closure}()
#8 /home/satria1697/Documents/workspace/project/kato-backend/vendor/laravel/framework/src/Illuminate/Database/Console/Migrations/MigrateCommand.php(94): Illuminate\\Database\\Migrations\\Migrator->usingConnection()
#9 /home/satria1697/Documents/workspace/project/kato-backend/vendor/laravel/framework/src/Illuminate/Container/BoundMethod.php(36): Illuminate\\Database\\Console\\Migrations\\MigrateCommand->handle()
#10 /home/satria1697/Documents/workspace/project/kato-backend/vendor/laravel/framework/src/Illuminate/Container/Util.php(40): Illuminate\\Container\\BoundMethod::Illuminate\\Container\\{closure}()
#11 /home/satria1697/Documents/workspace/project/kato-backend/vendor/laravel/framework/src/Illuminate/Container/BoundMethod.php(93): Illuminate\\Container\\Util::unwrapIfClosure()
#12 /home/satria1697/Documents/workspace/project/kato-backend/vendor/laravel/framework/src/Illuminate/Container/BoundMethod.php(37): Illuminate\\Container\\BoundMethod::callBoundMethod()
#13 /home/satria1697/Documents/workspace/project/kato-backend/vendor/laravel/framework/src/Illuminate/Container/Container.php(610): Illuminate\\Container\\BoundMethod::call()
#14 /home/satria1697/Documents/workspace/project/kato-backend/vendor/laravel/framework/src/Illuminate/Console/Command.php(136): Illuminate\\Container\\Container->call()
#15 /home/satria1697/Documents/workspace/project/kato-backend/vendor/symfony/console/Command/Command.php(256): Illuminate\\Console\\Command->execute()
#16 /home/satria1697/Documents/workspace/project/kato-backend/vendor/laravel/framework/src/Illuminate/Console/Command.php(121): Symfony\\Component\\Console\\Command\\Command->run()
#17 /home/satria1697/Documents/workspace/project/kato-backend/vendor/symfony/console/Application.php(971): Illuminate\\Console\\Command->run()
#18 /home/satria1697/Documents/workspace/project/kato-backend/vendor/symfony/console/Application.php(290): Symfony\\Component\\Console\\Application->doRunCommand()
#19 /home/satria1697/Documents/workspace/project/kato-backend/vendor/symfony/console/Application.php(166): Symfony\\Component\\Console\\Application->doRun()
#20 /home/satria1697/Documents/workspace/project/kato-backend/vendor/laravel/framework/src/Illuminate/Console/Application.php(92): Symfony\\Component\\Console\\Application->run()
#21 /home/satria1697/Documents/workspace/project/kato-backend/vendor/laravel/framework/src/Illuminate/Foundation/Console/Kernel.php(129): Illuminate\\Console\\Application->run()
#22 /home/satria1697/Documents/workspace/project/kato-backend/artisan(37): Illuminate\\Foundation\\Console\\Kernel->handle()
#23 {main}

[previous exception] [object] (PDOException(code: 1698): SQLSTATE[HY000] [1698] Access denied for user 'root'@'localhost' at /home/satria1697/Documents/workspace/project/kato-backend/vendor/laravel/framework/src/Illuminate/Database/Connectors/Connector.php:70)
[stacktrace]
#0 /home/satria1697/Documents/workspace/project/kato-backend/vendor/laravel/framework/src/Illuminate/Database/Connectors/Connector.php(70): PDO->__construct()
#1 /home/satria1697/Documents/workspace/project/kato-backend/vendor/laravel/framework/src/Illuminate/Database/Connectors/Connector.php(46): Illuminate\\Database\\Connectors\\Connector->createPdoConnection()
#2 /home/satria1697/Documents/workspace/project/kato-backend/vendor/laravel/framework/src/Illuminate/Database/Connectors/MySqlConnector.php(24): Illuminate\\Database\\Connectors\\Connector->createConnection()
#3 /home/satria1697/Documents/workspace/project/kato-backend/vendor/laravel/framework/src/Illuminate/Database/Connectors/ConnectionFactory.php(184): Illuminate\\Database\\Connectors\\MySqlConnector->connect()
#4 [internal function]: Illuminate\\Database\\Connectors\\ConnectionFactory->Illuminate\\Database\\Connectors\\{closure}()
#5 /home/satria1697/Documents/workspace/project/kato-backend/vendor/laravel/framework/src/Illuminate/Database/Connection.php(939): call_user_func()
#6 /home/satria1697/Documents/workspace/project/kato-backend/vendor/laravel/framework/src/Illuminate/Database/Connection.php(974): Illuminate\\Database\\Connection->getPdo()
#7 /home/satria1697/Documents/workspace/project/kato-backend/vendor/laravel/framework/src/Illuminate/Database/Connection.php(412): Illuminate\\Database\\Connection->getReadPdo()
#8 /home/satria1697/Documents/workspace/project/kato-backend/vendor/laravel/framework/src/Illuminate/Database/Connection.php(338): Illuminate\\Database\\Connection->getPdoForSelect()
#9 /home/satria1697/Documents/workspace/project/kato-backend/vendor/laravel/framework/src/Illuminate/Database/Connection.php(671): Illuminate\\Database\\Connection->Illuminate\\Database\\{closure}()
#10 /home/satria1697/Documents/workspace/project/kato-backend/vendor/laravel/framework/src/Illuminate/Database/Connection.php(638): Illuminate\\Database\\Connection->runQueryCallback()
#11 /home/satria1697/Documents/workspace/project/kato-backend/vendor/laravel/framework/src/Illuminate/Database/Connection.php(346): Illuminate\\Database\\Connection->run()
#12 /home/satria1697/Documents/workspace/project/kato-backend/vendor/laravel/framework/src/Illuminate/Database/Schema/MySqlBuilder.php(44): Illuminate\\Database\\Connection->select()
#13 /home/satria1697/Documents/workspace/project/kato-backend/vendor/laravel/framework/src/Illuminate/Database/Migrations/DatabaseMigrationRepository.php(169): Illuminate\\Database\\Schema\\MySqlBuilder->hasTable()
#14 /home/satria1697/Documents/workspace/project/kato-backend/vendor/laravel/framework/src/Illuminate/Database/Migrations/Migrator.php(608): Illuminate\\Database\\Migrations\\DatabaseMigrationRepository->repositoryExists()
#15 /home/satria1697/Documents/workspace/project/kato-backend/vendor/laravel/framework/src/Illuminate/Database/Console/Migrations/MigrateCommand.php(106): Illuminate\\Database\\Migrations\\Migrator->repositoryExists()
#16 /home/satria1697/Documents/workspace/project/kato-backend/vendor/laravel/framework/src/Illuminate/Database/Console/Migrations/MigrateCommand.php(77): Illuminate\\Database\\Console\\Migrations\\MigrateCommand->prepareDatabase()
#17 /home/satria1697/Documents/workspace/project/kato-backend/vendor/laravel/framework/src/Illuminate/Database/Migrations/Migrator.php(541): Illuminate\\Database\\Console\\Migrations\\MigrateCommand->Illuminate\\Database\\Console\\Migrations\\{closure}()
#18 /home/satria1697/Documents/workspace/project/kato-backend/vendor/laravel/framework/src/Illuminate/Database/Console/Migrations/MigrateCommand.php(94): Illuminate\\Database\\Migrations\\Migrator->usingConnection()
#19 /home/satria1697/Documents/workspace/project/kato-backend/vendor/laravel/framework/src/Illuminate/Container/BoundMethod.php(36): Illuminate\\Database\\Console\\Migrations\\MigrateCommand->handle()
#20 /home/satria1697/Documents/workspace/project/kato-backend/vendor/laravel/framework/src/Illuminate/Container/Util.php(40): Illuminate\\Container\\BoundMethod::Illuminate\\Container\\{closure}()
#21 /home/satria1697/Documents/workspace/project/kato-backend/vendor/laravel/framework/src/Illuminate/Container/BoundMethod.php(93): Illuminate\\Container\\Util::unwrapIfClosure()
#22 /home/satria1697/Documents/workspace/project/kato-backend/vendor/laravel/framework/src/Illuminate/Container/BoundMethod.php(37): Illuminate\\Container\\BoundMethod::callBoundMethod()
#23 /home/satria1697/Documents/workspace/project/kato-backend/vendor/laravel/framework/src/Illuminate/Container/Container.php(610): Illuminate\\Container\\BoundMethod::call()
#24 /home/satria1697/Documents/workspace/project/kato-backend/vendor/laravel/framework/src/Illuminate/Console/Command.php(136): Illuminate\\Container\\Container->call()
#25 /home/satria1697/Documents/workspace/project/kato-backend/vendor/symfony/console/Command/Command.php(256): Illuminate\\Console\\Command->execute()
#26 /home/satria1697/Documents/workspace/project/kato-backend/vendor/laravel/framework/src/Illuminate/Console/Command.php(121): Symfony\\Component\\Console\\Command\\Command->run()
#27 /home/satria1697/Documents/workspace/project/kato-backend/vendor/symfony/console/Application.php(971): Illuminate\\Console\\Command->run()
#28 /home/satria1697/Documents/workspace/project/kato-backend/vendor/symfony/console/Application.php(290): Symfony\\Component\\Console\\Application->doRunCommand()
#29 /home/satria1697/Documents/workspace/project/kato-backend/vendor/symfony/console/Application.php(166): Symfony\\Component\\Console\\Application->doRun()
#30 /home/satria1697/Documents/workspace/project/kato-backend/vendor/laravel/framework/src/Illuminate/Console/Application.php(92): Symfony\\Component\\Console\\Application->run()
#31 /home/satria1697/Documents/workspace/project/kato-backend/vendor/laravel/framework/src/Illuminate/Foundation/Console/Kernel.php(129): Illuminate\\Console\\Application->run()
#32 /home/satria1697/Documents/workspace/project/kato-backend/artisan(37): Illuminate\\Foundation\\Console\\Kernel->handle()
#33 {main}
"} 
[2021-04-14 13:55:58] local.ERROR: SQLSTATE[HY000] [1698] Access denied for user 'root'@'localhost' (SQL: select * from information_schema.tables where table_schema = krato and table_name = migrations and table_type = 'BASE TABLE') {"exception":"[object] (Illuminate\\Database\\QueryException(code: 1698): SQLSTATE[HY000] [1698] Access denied for user 'root'@'localhost' (SQL: select * from information_schema.tables where table_schema = krato and table_name = migrations and table_type = 'BASE TABLE') at /home/satria1697/Documents/workspace/project/kato-backend/vendor/laravel/framework/src/Illuminate/Database/Connection.php:678)
[stacktrace]
#0 /home/satria1697/Documents/workspace/project/kato-backend/vendor/laravel/framework/src/Illuminate/Database/Connection.php(638): Illuminate\\Database\\Connection->runQueryCallback()
#1 /home/satria1697/Documents/workspace/project/kato-backend/vendor/laravel/framework/src/Illuminate/Database/Connection.php(346): Illuminate\\Database\\Connection->run()
#2 /home/satria1697/Documents/workspace/project/kato-backend/vendor/laravel/framework/src/Illuminate/Database/Schema/MySqlBuilder.php(44): Illuminate\\Database\\Connection->select()
#3 /home/satria1697/Documents/workspace/project/kato-backend/vendor/laravel/framework/src/Illuminate/Database/Migrations/DatabaseMigrationRepository.php(169): Illuminate\\Database\\Schema\\MySqlBuilder->hasTable()
#4 /home/satria1697/Documents/workspace/project/kato-backend/vendor/laravel/framework/src/Illuminate/Database/Migrations/Migrator.php(608): Illuminate\\Database\\Migrations\\DatabaseMigrationRepository->repositoryExists()
#5 /home/satria1697/Documents/workspace/project/kato-backend/vendor/laravel/framework/src/Illuminate/Database/Console/Migrations/MigrateCommand.php(106): Illuminate\\Database\\Migrations\\Migrator->repositoryExists()
#6 /home/satria1697/Documents/workspace/project/kato-backend/vendor/laravel/framework/src/Illuminate/Database/Console/Migrations/MigrateCommand.php(77): Illuminate\\Database\\Console\\Migrations\\MigrateCommand->prepareDatabase()
#7 /home/satria1697/Documents/workspace/project/kato-backend/vendor/laravel/framework/src/Illuminate/Database/Migrations/Migrator.php(541): Illuminate\\Database\\Console\\Migrations\\MigrateCommand->Illuminate\\Database\\Console\\Migrations\\{closure}()
#8 /home/satria1697/Documents/workspace/project/kato-backend/vendor/laravel/framework/src/Illuminate/Database/Console/Migrations/MigrateCommand.php(94): Illuminate\\Database\\Migrations\\Migrator->usingConnection()
#9 /home/satria1697/Documents/workspace/project/kato-backend/vendor/laravel/framework/src/Illuminate/Container/BoundMethod.php(36): Illuminate\\Database\\Console\\Migrations\\MigrateCommand->handle()
#10 /home/satria1697/Documents/workspace/project/kato-backend/vendor/laravel/framework/src/Illuminate/Container/Util.php(40): Illuminate\\Container\\BoundMethod::Illuminate\\Container\\{closure}()
#11 /home/satria1697/Documents/workspace/project/kato-backend/vendor/laravel/framework/src/Illuminate/Container/BoundMethod.php(93): Illuminate\\Container\\Util::unwrapIfClosure()
#12 /home/satria1697/Documents/workspace/project/kato-backend/vendor/laravel/framework/src/Illuminate/Container/BoundMethod.php(37): Illuminate\\Container\\BoundMethod::callBoundMethod()
#13 /home/satria1697/Documents/workspace/project/kato-backend/vendor/laravel/framework/src/Illuminate/Container/Container.php(610): Illuminate\\Container\\BoundMethod::call()
#14 /home/satria1697/Documents/workspace/project/kato-backend/vendor/laravel/framework/src/Illuminate/Console/Command.php(136): Illuminate\\Container\\Container->call()
#15 /home/satria1697/Documents/workspace/project/kato-backend/vendor/symfony/console/Command/Command.php(256): Illuminate\\Console\\Command->execute()
#16 /home/satria1697/Documents/workspace/project/kato-backend/vendor/laravel/framework/src/Illuminate/Console/Command.php(121): Symfony\\Component\\Console\\Command\\Command->run()
#17 /home/satria1697/Documents/workspace/project/kato-backend/vendor/symfony/console/Application.php(971): Illuminate\\Console\\Command->run()
#18 /home/satria1697/Documents/workspace/project/kato-backend/vendor/symfony/console/Application.php(290): Symfony\\Component\\Console\\Application->doRunCommand()
#19 /home/satria1697/Documents/workspace/project/kato-backend/vendor/symfony/console/Application.php(166): Symfony\\Component\\Console\\Application->doRun()
#20 /home/satria1697/Documents/workspace/project/kato-backend/vendor/laravel/framework/src/Illuminate/Console/Application.php(92): Symfony\\Component\\Console\\Application->run()
#21 /home/satria1697/Documents/workspace/project/kato-backend/vendor/laravel/framework/src/Illuminate/Foundation/Console/Kernel.php(129): Illuminate\\Console\\Application->run()
#22 /home/satria1697/Documents/workspace/project/kato-backend/artisan(37): Illuminate\\Foundation\\Console\\Kernel->handle()
#23 {main}

[previous exception] [object] (PDOException(code: 1698): SQLSTATE[HY000] [1698] Access denied for user 'root'@'localhost' at /home/satria1697/Documents/workspace/project/kato-backend/vendor/laravel/framework/src/Illuminate/Database/Connectors/Connector.php:70)
[stacktrace]
#0 /home/satria1697/Documents/workspace/project/kato-backend/vendor/laravel/framework/src/Illuminate/Database/Connectors/Connector.php(70): PDO->__construct()
#1 /home/satria1697/Documents/workspace/project/kato-backend/vendor/laravel/framework/src/Illuminate/Database/Connectors/Connector.php(46): Illuminate\\Database\\Connectors\\Connector->createPdoConnection()
#2 /home/satria1697/Documents/workspace/project/kato-backend/vendor/laravel/framework/src/Illuminate/Database/Connectors/MySqlConnector.php(24): Illuminate\\Database\\Connectors\\Connector->createConnection()
#3 /home/satria1697/Documents/workspace/project/kato-backend/vendor/laravel/framework/src/Illuminate/Database/Connectors/ConnectionFactory.php(184): Illuminate\\Database\\Connectors\\MySqlConnector->connect()
#4 [internal function]: Illuminate\\Database\\Connectors\\ConnectionFactory->Illuminate\\Database\\Connectors\\{closure}()
#5 /home/satria1697/Documents/workspace/project/kato-backend/vendor/laravel/framework/src/Illuminate/Database/Connection.php(939): call_user_func()
#6 /home/satria1697/Documents/workspace/project/kato-backend/vendor/laravel/framework/src/Illuminate/Database/Connection.php(974): Illuminate\\Database\\Connection->getPdo()
#7 /home/satria1697/Documents/workspace/project/kato-backend/vendor/laravel/framework/src/Illuminate/Database/Connection.php(412): Illuminate\\Database\\Connection->getReadPdo()
#8 /home/satria1697/Documents/workspace/project/kato-backend/vendor/laravel/framework/src/Illuminate/Database/Connection.php(338): Illuminate\\Database\\Connection->getPdoForSelect()
#9 /home/satria1697/Documents/workspace/project/kato-backend/vendor/laravel/framework/src/Illuminate/Database/Connection.php(671): Illuminate\\Database\\Connection->Illuminate\\Database\\{closure}()
#10 /home/satria1697/Documents/workspace/project/kato-backend/vendor/laravel/framework/src/Illuminate/Database/Connection.php(638): Illuminate\\Database\\Connection->runQueryCallback()
#11 /home/satria1697/Documents/workspace/project/kato-backend/vendor/laravel/framework/src/Illuminate/Database/Connection.php(346): Illuminate\\Database\\Connection->run()
#12 /home/satria1697/Documents/workspace/project/kato-backend/vendor/laravel/framework/src/Illuminate/Database/Schema/MySqlBuilder.php(44): Illuminate\\Database\\Connection->select()
#13 /home/satria1697/Documents/workspace/project/kato-backend/vendor/laravel/framework/src/Illuminate/Database/Migrations/DatabaseMigrationRepository.php(169): Illuminate\\Database\\Schema\\MySqlBuilder->hasTable()
#14 /home/satria1697/Documents/workspace/project/kato-backend/vendor/laravel/framework/src/Illuminate/Database/Migrations/Migrator.php(608): Illuminate\\Database\\Migrations\\DatabaseMigrationRepository->repositoryExists()
#15 /home/satria1697/Documents/workspace/project/kato-backend/vendor/laravel/framework/src/Illuminate/Database/Console/Migrations/MigrateCommand.php(106): Illuminate\\Database\\Migrations\\Migrator->repositoryExists()
#16 /home/satria1697/Documents/workspace/project/kato-backend/vendor/laravel/framework/src/Illuminate/Database/Console/Migrations/MigrateCommand.php(77): Illuminate\\Database\\Console\\Migrations\\MigrateCommand->prepareDatabase()
#17 /home/satria1697/Documents/workspace/project/kato-backend/vendor/laravel/framework/src/Illuminate/Database/Migrations/Migrator.php(541): Illuminate\\Database\\Console\\Migrations\\MigrateCommand->Illuminate\\Database\\Console\\Migrations\\{closure}()
#18 /home/satria1697/Documents/workspace/project/kato-backend/vendor/laravel/framework/src/Illuminate/Database/Console/Migrations/MigrateCommand.php(94): Illuminate\\Database\\Migrations\\Migrator->usingConnection()
#19 /home/satria1697/Documents/workspace/project/kato-backend/vendor/laravel/framework/src/Illuminate/Container/BoundMethod.php(36): Illuminate\\Database\\Console\\Migrations\\MigrateCommand->handle()
#20 /home/satria1697/Documents/workspace/project/kato-backend/vendor/laravel/framework/src/Illuminate/Container/Util.php(40): Illuminate\\Container\\BoundMethod::Illuminate\\Container\\{closure}()
#21 /home/satria1697/Documents/workspace/project/kato-backend/vendor/laravel/framework/src/Illuminate/Container/BoundMethod.php(93): Illuminate\\Container\\Util::unwrapIfClosure()
#22 /home/satria1697/Documents/workspace/project/kato-backend/vendor/laravel/framework/src/Illuminate/Container/BoundMethod.php(37): Illuminate\\Container\\BoundMethod::callBoundMethod()
#23 /home/satria1697/Documents/workspace/project/kato-backend/vendor/laravel/framework/src/Illuminate/Container/Container.php(610): Illuminate\\Container\\BoundMethod::call()
#24 /home/satria1697/Documents/workspace/project/kato-backend/vendor/laravel/framework/src/Illuminate/Console/Command.php(136): Illuminate\\Container\\Container->call()
#25 /home/satria1697/Documents/workspace/project/kato-backend/vendor/symfony/console/Command/Command.php(256): Illuminate\\Console\\Command->execute()
#26 /home/satria1697/Documents/workspace/project/kato-backend/vendor/laravel/framework/src/Illuminate/Console/Command.php(121): Symfony\\Component\\Console\\Command\\Command->run()
#27 /home/satria1697/Documents/workspace/project/kato-backend/vendor/symfony/console/Application.php(971): Illuminate\\Console\\Command->run()
#28 /home/satria1697/Documents/workspace/project/kato-backend/vendor/symfony/console/Application.php(290): Symfony\\Component\\Console\\Application->doRunCommand()
#29 /home/satria1697/Documents/workspace/project/kato-backend/vendor/symfony/console/Application.php(166): Symfony\\Component\\Console\\Application->doRun()
#30 /home/satria1697/Documents/workspace/project/kato-backend/vendor/laravel/framework/src/Illuminate/Console/Application.php(92): Symfony\\Component\\Console\\Application->run()
#31 /home/satria1697/Documents/workspace/project/kato-backend/vendor/laravel/framework/src/Illuminate/Foundation/Console/Kernel.php(129): Illuminate\\Console\\Application->run()
#32 /home/satria1697/Documents/workspace/project/kato-backend/artisan(37): Illuminate\\Foundation\\Console\\Kernel->handle()
#33 {main}
"} 
[2021-04-14 13:56:40] local.ERROR: SQLSTATE[HY000] [1698] Access denied for user 'root'@'localhost' (SQL: select * from information_schema.tables where table_schema = krato and table_name = migrations and table_type = 'BASE TABLE') {"exception":"[object] (Illuminate\\Database\\QueryException(code: 1698): SQLSTATE[HY000] [1698] Access denied for user 'root'@'localhost' (SQL: select * from information_schema.tables where table_schema = krato and table_name = migrations and table_type = 'BASE TABLE') at /home/satria1697/Documents/workspace/project/kato-backend/vendor/laravel/framework/src/Illuminate/Database/Connection.php:678)
[stacktrace]
#0 /home/satria1697/Documents/workspace/project/kato-backend/vendor/laravel/framework/src/Illuminate/Database/Connection.php(638): Illuminate\\Database\\Connection->runQueryCallback()
#1 /home/satria1697/Documents/workspace/project/kato-backend/vendor/laravel/framework/src/Illuminate/Database/Connection.php(346): Illuminate\\Database\\Connection->run()
#2 /home/satria1697/Documents/workspace/project/kato-backend/vendor/laravel/framework/src/Illuminate/Database/Schema/MySqlBuilder.php(44): Illuminate\\Database\\Connection->select()
#3 /home/satria1697/Documents/workspace/project/kato-backend/vendor/laravel/framework/src/Illuminate/Database/Migrations/DatabaseMigrationRepository.php(169): Illuminate\\Database\\Schema\\MySqlBuilder->hasTable()
#4 /home/satria1697/Documents/workspace/project/kato-backend/vendor/laravel/framework/src/Illuminate/Database/Migrations/Migrator.php(608): Illuminate\\Database\\Migrations\\DatabaseMigrationRepository->repositoryExists()
#5 /home/satria1697/Documents/workspace/project/kato-backend/vendor/laravel/framework/src/Illuminate/Database/Console/Migrations/MigrateCommand.php(106): Illuminate\\Database\\Migrations\\Migrator->repositoryExists()
#6 /home/satria1697/Documents/workspace/project/kato-backend/vendor/laravel/framework/src/Illuminate/Database/Console/Migrations/MigrateCommand.php(77): Illuminate\\Database\\Console\\Migrations\\MigrateCommand->prepareDatabase()
#7 /home/satria1697/Documents/workspace/project/kato-backend/vendor/laravel/framework/src/Illuminate/Database/Migrations/Migrator.php(541): Illuminate\\Database\\Console\\Migrations\\MigrateCommand->Illuminate\\Database\\Console\\Migrations\\{closure}()
#8 /home/satria1697/Documents/workspace/project/kato-backend/vendor/laravel/framework/src/Illuminate/Database/Console/Migrations/MigrateCommand.php(94): Illuminate\\Database\\Migrations\\Migrator->usingConnection()
#9 /home/satria1697/Documents/workspace/project/kato-backend/vendor/laravel/framework/src/Illuminate/Container/BoundMethod.php(36): Illuminate\\Database\\Console\\Migrations\\MigrateCommand->handle()
#10 /home/satria1697/Documents/workspace/project/kato-backend/vendor/laravel/framework/src/Illuminate/Container/Util.php(40): Illuminate\\Container\\BoundMethod::Illuminate\\Container\\{closure}()
#11 /home/satria1697/Documents/workspace/project/kato-backend/vendor/laravel/framework/src/Illuminate/Container/BoundMethod.php(93): Illuminate\\Container\\Util::unwrapIfClosure()
#12 /home/satria1697/Documents/workspace/project/kato-backend/vendor/laravel/framework/src/Illuminate/Container/BoundMethod.php(37): Illuminate\\Container\\BoundMethod::callBoundMethod()
#13 /home/satria1697/Documents/workspace/project/kato-backend/vendor/laravel/framework/src/Illuminate/Container/Container.php(610): Illuminate\\Container\\BoundMethod::call()
#14 /home/satria1697/Documents/workspace/project/kato-backend/vendor/laravel/framework/src/Illuminate/Console/Command.php(136): Illuminate\\Container\\Container->call()
#15 /home/satria1697/Documents/workspace/project/kato-backend/vendor/symfony/console/Command/Command.php(256): Illuminate\\Console\\Command->execute()
#16 /home/satria1697/Documents/workspace/project/kato-backend/vendor/laravel/framework/src/Illuminate/Console/Command.php(121): Symfony\\Component\\Console\\Command\\Command->run()
#17 /home/satria1697/Documents/workspace/project/kato-backend/vendor/symfony/console/Application.php(971): Illuminate\\Console\\Command->run()
#18 /home/satria1697/Documents/workspace/project/kato-backend/vendor/symfony/console/Application.php(290): Symfony\\Component\\Console\\Application->doRunCommand()
#19 /home/satria1697/Documents/workspace/project/kato-backend/vendor/symfony/console/Application.php(166): Symfony\\Component\\Console\\Application->doRun()
#20 /home/satria1697/Documents/workspace/project/kato-backend/vendor/laravel/framework/src/Illuminate/Console/Application.php(92): Symfony\\Component\\Console\\Application->run()
#21 /home/satria1697/Documents/workspace/project/kato-backend/vendor/laravel/framework/src/Illuminate/Foundation/Console/Kernel.php(129): Illuminate\\Console\\Application->run()
#22 /home/satria1697/Documents/workspace/project/kato-backend/artisan(37): Illuminate\\Foundation\\Console\\Kernel->handle()
#23 {main}

[previous exception] [object] (PDOException(code: 1698): SQLSTATE[HY000] [1698] Access denied for user 'root'@'localhost' at /home/satria1697/Documents/workspace/project/kato-backend/vendor/laravel/framework/src/Illuminate/Database/Connectors/Connector.php:70)
[stacktrace]
#0 /home/satria1697/Documents/workspace/project/kato-backend/vendor/laravel/framework/src/Illuminate/Database/Connectors/Connector.php(70): PDO->__construct()
#1 /home/satria1697/Documents/workspace/project/kato-backend/vendor/laravel/framework/src/Illuminate/Database/Connectors/Connector.php(46): Illuminate\\Database\\Connectors\\Connector->createPdoConnection()
#2 /home/satria1697/Documents/workspace/project/kato-backend/vendor/laravel/framework/src/Illuminate/Database/Connectors/MySqlConnector.php(24): Illuminate\\Database\\Connectors\\Connector->createConnection()
#3 /home/satria1697/Documents/workspace/project/kato-backend/vendor/laravel/framework/src/Illuminate/Database/Connectors/ConnectionFactory.php(184): Illuminate\\Database\\Connectors\\MySqlConnector->connect()
#4 [internal function]: Illuminate\\Database\\Connectors\\ConnectionFactory->Illuminate\\Database\\Connectors\\{closure}()
#5 /home/satria1697/Documents/workspace/project/kato-backend/vendor/laravel/framework/src/Illuminate/Database/Connection.php(939): call_user_func()
#6 /home/satria1697/Documents/workspace/project/kato-backend/vendor/laravel/framework/src/Illuminate/Database/Connection.php(974): Illuminate\\Database\\Connection->getPdo()
#7 /home/satria1697/Documents/workspace/project/kato-backend/vendor/laravel/framework/src/Illuminate/Database/Connection.php(412): Illuminate\\Database\\Connection->getReadPdo()
#8 /home/satria1697/Documents/workspace/project/kato-backend/vendor/laravel/framework/src/Illuminate/Database/Connection.php(338): Illuminate\\Database\\Connection->getPdoForSelect()
#9 /home/satria1697/Documents/workspace/project/kato-backend/vendor/laravel/framework/src/Illuminate/Database/Connection.php(671): Illuminate\\Database\\Connection->Illuminate\\Database\\{closure}()
#10 /home/satria1697/Documents/workspace/project/kato-backend/vendor/laravel/framework/src/Illuminate/Database/Connection.php(638): Illuminate\\Database\\Connection->runQueryCallback()
#11 /home/satria1697/Documents/workspace/project/kato-backend/vendor/laravel/framework/src/Illuminate/Database/Connection.php(346): Illuminate\\Database\\Connection->run()
#12 /home/satria1697/Documents/workspace/project/kato-backend/vendor/laravel/framework/src/Illuminate/Database/Schema/MySqlBuilder.php(44): Illuminate\\Database\\Connection->select()
#13 /home/satria1697/Documents/workspace/project/kato-backend/vendor/laravel/framework/src/Illuminate/Database/Migrations/DatabaseMigrationRepository.php(169): Illuminate\\Database\\Schema\\MySqlBuilder->hasTable()
#14 /home/satria1697/Documents/workspace/project/kato-backend/vendor/laravel/framework/src/Illuminate/Database/Migrations/Migrator.php(608): Illuminate\\Database\\Migrations\\DatabaseMigrationRepository->repositoryExists()
#15 /home/satria1697/Documents/workspace/project/kato-backend/vendor/laravel/framework/src/Illuminate/Database/Console/Migrations/MigrateCommand.php(106): Illuminate\\Database\\Migrations\\Migrator->repositoryExists()
#16 /home/satria1697/Documents/workspace/project/kato-backend/vendor/laravel/framework/src/Illuminate/Database/Console/Migrations/MigrateCommand.php(77): Illuminate\\Database\\Console\\Migrations\\MigrateCommand->prepareDatabase()
#17 /home/satria1697/Documents/workspace/project/kato-backend/vendor/laravel/framework/src/Illuminate/Database/Migrations/Migrator.php(541): Illuminate\\Database\\Console\\Migrations\\MigrateCommand->Illuminate\\Database\\Console\\Migrations\\{closure}()
#18 /home/satria1697/Documents/workspace/project/kato-backend/vendor/laravel/framework/src/Illuminate/Database/Console/Migrations/MigrateCommand.php(94): Illuminate\\Database\\Migrations\\Migrator->usingConnection()
#19 /home/satria1697/Documents/workspace/project/kato-backend/vendor/laravel/framework/src/Illuminate/Container/BoundMethod.php(36): Illuminate\\Database\\Console\\Migrations\\MigrateCommand->handle()
#20 /home/satria1697/Documents/workspace/project/kato-backend/vendor/laravel/framework/src/Illuminate/Container/Util.php(40): Illuminate\\Container\\BoundMethod::Illuminate\\Container\\{closure}()
#21 /home/satria1697/Documents/workspace/project/kato-backend/vendor/laravel/framework/src/Illuminate/Container/BoundMethod.php(93): Illuminate\\Container\\Util::unwrapIfClosure()
#22 /home/satria1697/Documents/workspace/project/kato-backend/vendor/laravel/framework/src/Illuminate/Container/BoundMethod.php(37): Illuminate\\Container\\BoundMethod::callBoundMethod()
#23 /home/satria1697/Documents/workspace/project/kato-backend/vendor/laravel/framework/src/Illuminate/Container/Container.php(610): Illuminate\\Container\\BoundMethod::call()
#24 /home/satria1697/Documents/workspace/project/kato-backend/vendor/laravel/framework/src/Illuminate/Console/Command.php(136): Illuminate\\Container\\Container->call()
#25 /home/satria1697/Documents/workspace/project/kato-backend/vendor/symfony/console/Command/Command.php(256): Illuminate\\Console\\Command->execute()
#26 /home/satria1697/Documents/workspace/project/kato-backend/vendor/laravel/framework/src/Illuminate/Console/Command.php(121): Symfony\\Component\\Console\\Command\\Command->run()
#27 /home/satria1697/Documents/workspace/project/kato-backend/vendor/symfony/console/Application.php(971): Illuminate\\Console\\Command->run()
#28 /home/satria1697/Documents/workspace/project/kato-backend/vendor/symfony/console/Application.php(290): Symfony\\Component\\Console\\Application->doRunCommand()
#29 /home/satria1697/Documents/workspace/project/kato-backend/vendor/symfony/console/Application.php(166): Symfony\\Component\\Console\\Application->doRun()
#30 /home/satria1697/Documents/workspace/project/kato-backend/vendor/laravel/framework/src/Illuminate/Console/Application.php(92): Symfony\\Component\\Console\\Application->run()
#31 /home/satria1697/Documents/workspace/project/kato-backend/vendor/laravel/framework/src/Illuminate/Foundation/Console/Kernel.php(129): Illuminate\\Console\\Application->run()
#32 /home/satria1697/Documents/workspace/project/kato-backend/artisan(37): Illuminate\\Foundation\\Console\\Kernel->handle()
#33 {main}
"} 
[2021-04-14 13:56:50] local.ERROR: SQLSTATE[HY000] [1698] Access denied for user 'root'@'localhost' (SQL: select * from information_schema.tables where table_schema = krato and table_name = migrations and table_type = 'BASE TABLE') {"exception":"[object] (Illuminate\\Database\\QueryException(code: 1698): SQLSTATE[HY000] [1698] Access denied for user 'root'@'localhost' (SQL: select * from information_schema.tables where table_schema = krato and table_name = migrations and table_type = 'BASE TABLE') at /home/satria1697/Documents/workspace/project/kato-backend/vendor/laravel/framework/src/Illuminate/Database/Connection.php:678)
[stacktrace]
#0 /home/satria1697/Documents/workspace/project/kato-backend/vendor/laravel/framework/src/Illuminate/Database/Connection.php(638): Illuminate\\Database\\Connection->runQueryCallback()
#1 /home/satria1697/Documents/workspace/project/kato-backend/vendor/laravel/framework/src/Illuminate/Database/Connection.php(346): Illuminate\\Database\\Connection->run()
#2 /home/satria1697/Documents/workspace/project/kato-backend/vendor/laravel/framework/src/Illuminate/Database/Schema/MySqlBuilder.php(44): Illuminate\\Database\\Connection->select()
#3 /home/satria1697/Documents/workspace/project/kato-backend/vendor/laravel/framework/src/Illuminate/Database/Migrations/DatabaseMigrationRepository.php(169): Illuminate\\Database\\Schema\\MySqlBuilder->hasTable()
#4 /home/satria1697/Documents/workspace/project/kato-backend/vendor/laravel/framework/src/Illuminate/Database/Migrations/Migrator.php(608): Illuminate\\Database\\Migrations\\DatabaseMigrationRepository->repositoryExists()
#5 /home/satria1697/Documents/workspace/project/kato-backend/vendor/laravel/framework/src/Illuminate/Database/Console/Migrations/MigrateCommand.php(106): Illuminate\\Database\\Migrations\\Migrator->repositoryExists()
#6 /home/satria1697/Documents/workspace/project/kato-backend/vendor/laravel/framework/src/Illuminate/Database/Console/Migrations/MigrateCommand.php(77): Illuminate\\Database\\Console\\Migrations\\MigrateCommand->prepareDatabase()
#7 /home/satria1697/Documents/workspace/project/kato-backend/vendor/laravel/framework/src/Illuminate/Database/Migrations/Migrator.php(541): Illuminate\\Database\\Console\\Migrations\\MigrateCommand->Illuminate\\Database\\Console\\Migrations\\{closure}()
#8 /home/satria1697/Documents/workspace/project/kato-backend/vendor/laravel/framework/src/Illuminate/Database/Console/Migrations/MigrateCommand.php(94): Illuminate\\Database\\Migrations\\Migrator->usingConnection()
#9 /home/satria1697/Documents/workspace/project/kato-backend/vendor/laravel/framework/src/Illuminate/Container/BoundMethod.php(36): Illuminate\\Database\\Console\\Migrations\\MigrateCommand->handle()
#10 /home/satria1697/Documents/workspace/project/kato-backend/vendor/laravel/framework/src/Illuminate/Container/Util.php(40): Illuminate\\Container\\BoundMethod::Illuminate\\Container\\{closure}()
#11 /home/satria1697/Documents/workspace/project/kato-backend/vendor/laravel/framework/src/Illuminate/Container/BoundMethod.php(93): Illuminate\\Container\\Util::unwrapIfClosure()
#12 /home/satria1697/Documents/workspace/project/kato-backend/vendor/laravel/framework/src/Illuminate/Container/BoundMethod.php(37): Illuminate\\Container\\BoundMethod::callBoundMethod()
#13 /home/satria1697/Documents/workspace/project/kato-backend/vendor/laravel/framework/src/Illuminate/Container/Container.php(610): Illuminate\\Container\\BoundMethod::call()
#14 /home/satria1697/Documents/workspace/project/kato-backend/vendor/laravel/framework/src/Illuminate/Console/Command.php(136): Illuminate\\Container\\Container->call()
#15 /home/satria1697/Documents/workspace/project/kato-backend/vendor/symfony/console/Command/Command.php(256): Illuminate\\Console\\Command->execute()
#16 /home/satria1697/Documents/workspace/project/kato-backend/vendor/laravel/framework/src/Illuminate/Console/Command.php(121): Symfony\\Component\\Console\\Command\\Command->run()
#17 /home/satria1697/Documents/workspace/project/kato-backend/vendor/symfony/console/Application.php(971): Illuminate\\Console\\Command->run()
#18 /home/satria1697/Documents/workspace/project/kato-backend/vendor/symfony/console/Application.php(290): Symfony\\Component\\Console\\Application->doRunCommand()
#19 /home/satria1697/Documents/workspace/project/kato-backend/vendor/symfony/console/Application.php(166): Symfony\\Component\\Console\\Application->doRun()
#20 /home/satria1697/Documents/workspace/project/kato-backend/vendor/laravel/framework/src/Illuminate/Console/Application.php(92): Symfony\\Component\\Console\\Application->run()
#21 /home/satria1697/Documents/workspace/project/kato-backend/vendor/laravel/framework/src/Illuminate/Foundation/Console/Kernel.php(129): Illuminate\\Console\\Application->run()
#22 /home/satria1697/Documents/workspace/project/kato-backend/artisan(37): Illuminate\\Foundation\\Console\\Kernel->handle()
#23 {main}

[previous exception] [object] (PDOException(code: 1698): SQLSTATE[HY000] [1698] Access denied for user 'root'@'localhost' at /home/satria1697/Documents/workspace/project/kato-backend/vendor/laravel/framework/src/Illuminate/Database/Connectors/Connector.php:70)
[stacktrace]
#0 /home/satria1697/Documents/workspace/project/kato-backend/vendor/laravel/framework/src/Illuminate/Database/Connectors/Connector.php(70): PDO->__construct()
#1 /home/satria1697/Documents/workspace/project/kato-backend/vendor/laravel/framework/src/Illuminate/Database/Connectors/Connector.php(46): Illuminate\\Database\\Connectors\\Connector->createPdoConnection()
#2 /home/satria1697/Documents/workspace/project/kato-backend/vendor/laravel/framework/src/Illuminate/Database/Connectors/MySqlConnector.php(24): Illuminate\\Database\\Connectors\\Connector->createConnection()
#3 /home/satria1697/Documents/workspace/project/kato-backend/vendor/laravel/framework/src/Illuminate/Database/Connectors/ConnectionFactory.php(184): Illuminate\\Database\\Connectors\\MySqlConnector->connect()
#4 [internal function]: Illuminate\\Database\\Connectors\\ConnectionFactory->Illuminate\\Database\\Connectors\\{closure}()
#5 /home/satria1697/Documents/workspace/project/kato-backend/vendor/laravel/framework/src/Illuminate/Database/Connection.php(939): call_user_func()
#6 /home/satria1697/Documents/workspace/project/kato-backend/vendor/laravel/framework/src/Illuminate/Database/Connection.php(974): Illuminate\\Database\\Connection->getPdo()
#7 /home/satria1697/Documents/workspace/project/kato-backend/vendor/laravel/framework/src/Illuminate/Database/Connection.php(412): Illuminate\\Database\\Connection->getReadPdo()
#8 /home/satria1697/Documents/workspace/project/kato-backend/vendor/laravel/framework/src/Illuminate/Database/Connection.php(338): Illuminate\\Database\\Connection->getPdoForSelect()
#9 /home/satria1697/Documents/workspace/project/kato-backend/vendor/laravel/framework/src/Illuminate/Database/Connection.php(671): Illuminate\\Database\\Connection->Illuminate\\Database\\{closure}()
#10 /home/satria1697/Documents/workspace/project/kato-backend/vendor/laravel/framework/src/Illuminate/Database/Connection.php(638): Illuminate\\Database\\Connection->runQueryCallback()
#11 /home/satria1697/Documents/workspace/project/kato-backend/vendor/laravel/framework/src/Illuminate/Database/Connection.php(346): Illuminate\\Database\\Connection->run()
#12 /home/satria1697/Documents/workspace/project/kato-backend/vendor/laravel/framework/src/Illuminate/Database/Schema/MySqlBuilder.php(44): Illuminate\\Database\\Connection->select()
#13 /home/satria1697/Documents/workspace/project/kato-backend/vendor/laravel/framework/src/Illuminate/Database/Migrations/DatabaseMigrationRepository.php(169): Illuminate\\Database\\Schema\\MySqlBuilder->hasTable()
#14 /home/satria1697/Documents/workspace/project/kato-backend/vendor/laravel/framework/src/Illuminate/Database/Migrations/Migrator.php(608): Illuminate\\Database\\Migrations\\DatabaseMigrationRepository->repositoryExists()
#15 /home/satria1697/Documents/workspace/project/kato-backend/vendor/laravel/framework/src/Illuminate/Database/Console/Migrations/MigrateCommand.php(106): Illuminate\\Database\\Migrations\\Migrator->repositoryExists()
#16 /home/satria1697/Documents/workspace/project/kato-backend/vendor/laravel/framework/src/Illuminate/Database/Console/Migrations/MigrateCommand.php(77): Illuminate\\Database\\Console\\Migrations\\MigrateCommand->prepareDatabase()
#17 /home/satria1697/Documents/workspace/project/kato-backend/vendor/laravel/framework/src/Illuminate/Database/Migrations/Migrator.php(541): Illuminate\\Database\\Console\\Migrations\\MigrateCommand->Illuminate\\Database\\Console\\Migrations\\{closure}()
#18 /home/satria1697/Documents/workspace/project/kato-backend/vendor/laravel/framework/src/Illuminate/Database/Console/Migrations/MigrateCommand.php(94): Illuminate\\Database\\Migrations\\Migrator->usingConnection()
#19 /home/satria1697/Documents/workspace/project/kato-backend/vendor/laravel/framework/src/Illuminate/Container/BoundMethod.php(36): Illuminate\\Database\\Console\\Migrations\\MigrateCommand->handle()
#20 /home/satria1697/Documents/workspace/project/kato-backend/vendor/laravel/framework/src/Illuminate/Container/Util.php(40): Illuminate\\Container\\BoundMethod::Illuminate\\Container\\{closure}()
#21 /home/satria1697/Documents/workspace/project/kato-backend/vendor/laravel/framework/src/Illuminate/Container/BoundMethod.php(93): Illuminate\\Container\\Util::unwrapIfClosure()
#22 /home/satria1697/Documents/workspace/project/kato-backend/vendor/laravel/framework/src/Illuminate/Container/BoundMethod.php(37): Illuminate\\Container\\BoundMethod::callBoundMethod()
#23 /home/satria1697/Documents/workspace/project/kato-backend/vendor/laravel/framework/src/Illuminate/Container/Container.php(610): Illuminate\\Container\\BoundMethod::call()
#24 /home/satria1697/Documents/workspace/project/kato-backend/vendor/laravel/framework/src/Illuminate/Console/Command.php(136): Illuminate\\Container\\Container->call()
#25 /home/satria1697/Documents/workspace/project/kato-backend/vendor/symfony/console/Command/Command.php(256): Illuminate\\Console\\Command->execute()
#26 /home/satria1697/Documents/workspace/project/kato-backend/vendor/laravel/framework/src/Illuminate/Console/Command.php(121): Symfony\\Component\\Console\\Command\\Command->run()
#27 /home/satria1697/Documents/workspace/project/kato-backend/vendor/symfony/console/Application.php(971): Illuminate\\Console\\Command->run()
#28 /home/satria1697/Documents/workspace/project/kato-backend/vendor/symfony/console/Application.php(290): Symfony\\Component\\Console\\Application->doRunCommand()
#29 /home/satria1697/Documents/workspace/project/kato-backend/vendor/symfony/console/Application.php(166): Symfony\\Component\\Console\\Application->doRun()
#30 /home/satria1697/Documents/workspace/project/kato-backend/vendor/laravel/framework/src/Illuminate/Console/Application.php(92): Symfony\\Component\\Console\\Application->run()
#31 /home/satria1697/Documents/workspace/project/kato-backend/vendor/laravel/framework/src/Illuminate/Foundation/Console/Kernel.php(129): Illuminate\\Console\\Application->run()
#32 /home/satria1697/Documents/workspace/project/kato-backend/artisan(37): Illuminate\\Foundation\\Console\\Kernel->handle()
#33 {main}
"} 
[2021-04-14 13:58:17] local.ERROR: SQLSTATE[HY000] [1698] Access denied for user 'root'@'localhost' (SQL: select * from information_schema.tables where table_schema = krato and table_name = migrations and table_type = 'BASE TABLE') {"exception":"[object] (Illuminate\\Database\\QueryException(code: 1698): SQLSTATE[HY000] [1698] Access denied for user 'root'@'localhost' (SQL: select * from information_schema.tables where table_schema = krato and table_name = migrations and table_type = 'BASE TABLE') at /home/satria1697/Documents/workspace/project/kato-backend/vendor/laravel/framework/src/Illuminate/Database/Connection.php:678)
[stacktrace]
#0 /home/satria1697/Documents/workspace/project/kato-backend/vendor/laravel/framework/src/Illuminate/Database/Connection.php(638): Illuminate\\Database\\Connection->runQueryCallback()
#1 /home/satria1697/Documents/workspace/project/kato-backend/vendor/laravel/framework/src/Illuminate/Database/Connection.php(346): Illuminate\\Database\\Connection->run()
#2 /home/satria1697/Documents/workspace/project/kato-backend/vendor/laravel/framework/src/Illuminate/Database/Schema/MySqlBuilder.php(44): Illuminate\\Database\\Connection->select()
#3 /home/satria1697/Documents/workspace/project/kato-backend/vendor/laravel/framework/src/Illuminate/Database/Migrations/DatabaseMigrationRepository.php(169): Illuminate\\Database\\Schema\\MySqlBuilder->hasTable()
#4 /home/satria1697/Documents/workspace/project/kato-backend/vendor/laravel/framework/src/Illuminate/Database/Migrations/Migrator.php(608): Illuminate\\Database\\Migrations\\DatabaseMigrationRepository->repositoryExists()
#5 /home/satria1697/Documents/workspace/project/kato-backend/vendor/laravel/framework/src/Illuminate/Database/Console/Migrations/MigrateCommand.php(106): Illuminate\\Database\\Migrations\\Migrator->repositoryExists()
#6 /home/satria1697/Documents/workspace/project/kato-backend/vendor/laravel/framework/src/Illuminate/Database/Console/Migrations/MigrateCommand.php(77): Illuminate\\Database\\Console\\Migrations\\MigrateCommand->prepareDatabase()
#7 /home/satria1697/Documents/workspace/project/kato-backend/vendor/laravel/framework/src/Illuminate/Database/Migrations/Migrator.php(541): Illuminate\\Database\\Console\\Migrations\\MigrateCommand->Illuminate\\Database\\Console\\Migrations\\{closure}()
#8 /home/satria1697/Documents/workspace/project/kato-backend/vendor/laravel/framework/src/Illuminate/Database/Console/Migrations/MigrateCommand.php(94): Illuminate\\Database\\Migrations\\Migrator->usingConnection()
#9 /home/satria1697/Documents/workspace/project/kato-backend/vendor/laravel/framework/src/Illuminate/Container/BoundMethod.php(36): Illuminate\\Database\\Console\\Migrations\\MigrateCommand->handle()
#10 /home/satria1697/Documents/workspace/project/kato-backend/vendor/laravel/framework/src/Illuminate/Container/Util.php(40): Illuminate\\Container\\BoundMethod::Illuminate\\Container\\{closure}()
#11 /home/satria1697/Documents/workspace/project/kato-backend/vendor/laravel/framework/src/Illuminate/Container/BoundMethod.php(93): Illuminate\\Container\\Util::unwrapIfClosure()
#12 /home/satria1697/Documents/workspace/project/kato-backend/vendor/laravel/framework/src/Illuminate/Container/BoundMethod.php(37): Illuminate\\Container\\BoundMethod::callBoundMethod()
#13 /home/satria1697/Documents/workspace/project/kato-backend/vendor/laravel/framework/src/Illuminate/Container/Container.php(610): Illuminate\\Container\\BoundMethod::call()
#14 /home/satria1697/Documents/workspace/project/kato-backend/vendor/laravel/framework/src/Illuminate/Console/Command.php(136): Illuminate\\Container\\Container->call()
#15 /home/satria1697/Documents/workspace/project/kato-backend/vendor/symfony/console/Command/Command.php(256): Illuminate\\Console\\Command->execute()
#16 /home/satria1697/Documents/workspace/project/kato-backend/vendor/laravel/framework/src/Illuminate/Console/Command.php(121): Symfony\\Component\\Console\\Command\\Command->run()
#17 /home/satria1697/Documents/workspace/project/kato-backend/vendor/symfony/console/Application.php(971): Illuminate\\Console\\Command->run()
#18 /home/satria1697/Documents/workspace/project/kato-backend/vendor/symfony/console/Application.php(290): Symfony\\Component\\Console\\Application->doRunCommand()
#19 /home/satria1697/Documents/workspace/project/kato-backend/vendor/symfony/console/Application.php(166): Symfony\\Component\\Console\\Application->doRun()
#20 /home/satria1697/Documents/workspace/project/kato-backend/vendor/laravel/framework/src/Illuminate/Console/Application.php(92): Symfony\\Component\\Console\\Application->run()
#21 /home/satria1697/Documents/workspace/project/kato-backend/vendor/laravel/framework/src/Illuminate/Foundation/Console/Kernel.php(129): Illuminate\\Console\\Application->run()
#22 /home/satria1697/Documents/workspace/project/kato-backend/artisan(37): Illuminate\\Foundation\\Console\\Kernel->handle()
#23 {main}

[previous exception] [object] (PDOException(code: 1698): SQLSTATE[HY000] [1698] Access denied for user 'root'@'localhost' at /home/satria1697/Documents/workspace/project/kato-backend/vendor/laravel/framework/src/Illuminate/Database/Connectors/Connector.php:70)
[stacktrace]
#0 /home/satria1697/Documents/workspace/project/kato-backend/vendor/laravel/framework/src/Illuminate/Database/Connectors/Connector.php(70): PDO->__construct()
#1 /home/satria1697/Documents/workspace/project/kato-backend/vendor/laravel/framework/src/Illuminate/Database/Connectors/Connector.php(46): Illuminate\\Database\\Connectors\\Connector->createPdoConnection()
#2 /home/satria1697/Documents/workspace/project/kato-backend/vendor/laravel/framework/src/Illuminate/Database/Connectors/MySqlConnector.php(24): Illuminate\\Database\\Connectors\\Connector->createConnection()
#3 /home/satria1697/Documents/workspace/project/kato-backend/vendor/laravel/framework/src/Illuminate/Database/Connectors/ConnectionFactory.php(184): Illuminate\\Database\\Connectors\\MySqlConnector->connect()
#4 [internal function]: Illuminate\\Database\\Connectors\\ConnectionFactory->Illuminate\\Database\\Connectors\\{closure}()
#5 /home/satria1697/Documents/workspace/project/kato-backend/vendor/laravel/framework/src/Illuminate/Database/Connection.php(939): call_user_func()
#6 /home/satria1697/Documents/workspace/project/kato-backend/vendor/laravel/framework/src/Illuminate/Database/Connection.php(974): Illuminate\\Database\\Connection->getPdo()
#7 /home/satria1697/Documents/workspace/project/kato-backend/vendor/laravel/framework/src/Illuminate/Database/Connection.php(412): Illuminate\\Database\\Connection->getReadPdo()
#8 /home/satria1697/Documents/workspace/project/kato-backend/vendor/laravel/framework/src/Illuminate/Database/Connection.php(338): Illuminate\\Database\\Connection->getPdoForSelect()
#9 /home/satria1697/Documents/workspace/project/kato-backend/vendor/laravel/framework/src/Illuminate/Database/Connection.php(671): Illuminate\\Database\\Connection->Illuminate\\Database\\{closure}()
#10 /home/satria1697/Documents/workspace/project/kato-backend/vendor/laravel/framework/src/Illuminate/Database/Connection.php(638): Illuminate\\Database\\Connection->runQueryCallback()
#11 /home/satria1697/Documents/workspace/project/kato-backend/vendor/laravel/framework/src/Illuminate/Database/Connection.php(346): Illuminate\\Database\\Connection->run()
#12 /home/satria1697/Documents/workspace/project/kato-backend/vendor/laravel/framework/src/Illuminate/Database/Schema/MySqlBuilder.php(44): Illuminate\\Database\\Connection->select()
#13 /home/satria1697/Documents/workspace/project/kato-backend/vendor/laravel/framework/src/Illuminate/Database/Migrations/DatabaseMigrationRepository.php(169): Illuminate\\Database\\Schema\\MySqlBuilder->hasTable()
#14 /home/satria1697/Documents/workspace/project/kato-backend/vendor/laravel/framework/src/Illuminate/Database/Migrations/Migrator.php(608): Illuminate\\Database\\Migrations\\DatabaseMigrationRepository->repositoryExists()
#15 /home/satria1697/Documents/workspace/project/kato-backend/vendor/laravel/framework/src/Illuminate/Database/Console/Migrations/MigrateCommand.php(106): Illuminate\\Database\\Migrations\\Migrator->repositoryExists()
#16 /home/satria1697/Documents/workspace/project/kato-backend/vendor/laravel/framework/src/Illuminate/Database/Console/Migrations/MigrateCommand.php(77): Illuminate\\Database\\Console\\Migrations\\MigrateCommand->prepareDatabase()
#17 /home/satria1697/Documents/workspace/project/kato-backend/vendor/laravel/framework/src/Illuminate/Database/Migrations/Migrator.php(541): Illuminate\\Database\\Console\\Migrations\\MigrateCommand->Illuminate\\Database\\Console\\Migrations\\{closure}()
#18 /home/satria1697/Documents/workspace/project/kato-backend/vendor/laravel/framework/src/Illuminate/Database/Console/Migrations/MigrateCommand.php(94): Illuminate\\Database\\Migrations\\Migrator->usingConnection()
#19 /home/satria1697/Documents/workspace/project/kato-backend/vendor/laravel/framework/src/Illuminate/Container/BoundMethod.php(36): Illuminate\\Database\\Console\\Migrations\\MigrateCommand->handle()
#20 /home/satria1697/Documents/workspace/project/kato-backend/vendor/laravel/framework/src/Illuminate/Container/Util.php(40): Illuminate\\Container\\BoundMethod::Illuminate\\Container\\{closure}()
#21 /home/satria1697/Documents/workspace/project/kato-backend/vendor/laravel/framework/src/Illuminate/Container/BoundMethod.php(93): Illuminate\\Container\\Util::unwrapIfClosure()
#22 /home/satria1697/Documents/workspace/project/kato-backend/vendor/laravel/framework/src/Illuminate/Container/BoundMethod.php(37): Illuminate\\Container\\BoundMethod::callBoundMethod()
#23 /home/satria1697/Documents/workspace/project/kato-backend/vendor/laravel/framework/src/Illuminate/Container/Container.php(610): Illuminate\\Container\\BoundMethod::call()
#24 /home/satria1697/Documents/workspace/project/kato-backend/vendor/laravel/framework/src/Illuminate/Console/Command.php(136): Illuminate\\Container\\Container->call()
#25 /home/satria1697/Documents/workspace/project/kato-backend/vendor/symfony/console/Command/Command.php(256): Illuminate\\Console\\Command->execute()
#26 /home/satria1697/Documents/workspace/project/kato-backend/vendor/laravel/framework/src/Illuminate/Console/Command.php(121): Symfony\\Component\\Console\\Command\\Command->run()
#27 /home/satria1697/Documents/workspace/project/kato-backend/vendor/symfony/console/Application.php(971): Illuminate\\Console\\Command->run()
#28 /home/satria1697/Documents/workspace/project/kato-backend/vendor/symfony/console/Application.php(290): Symfony\\Component\\Console\\Application->doRunCommand()
#29 /home/satria1697/Documents/workspace/project/kato-backend/vendor/symfony/console/Application.php(166): Symfony\\Component\\Console\\Application->doRun()
#30 /home/satria1697/Documents/workspace/project/kato-backend/vendor/laravel/framework/src/Illuminate/Console/Application.php(92): Symfony\\Component\\Console\\Application->run()
#31 /home/satria1697/Documents/workspace/project/kato-backend/vendor/laravel/framework/src/Illuminate/Foundation/Console/Kernel.php(129): Illuminate\\Console\\Application->run()
#32 /home/satria1697/Documents/workspace/project/kato-backend/artisan(37): Illuminate\\Foundation\\Console\\Kernel->handle()
#33 {main}
"} 
